TN:
SF:src/auth/OwnableRoles.sol
FN:94,OwnableRoles._initializeOwner
FNDA:1,OwnableRoles._initializeOwner
DA:97,1
FN:106,OwnableRoles._setOwner
FNDA:1,OwnableRoles._setOwner
DA:110,1
FN:120,OwnableRoles._grantRoles
FNDA:2,OwnableRoles._grantRoles
DA:123,2
FN:138,OwnableRoles._removeRoles
FNDA:0,OwnableRoles._removeRoles
DA:141,0
FN:162,OwnableRoles.transferOwnership
FNDA:1,OwnableRoles.transferOwnership
DA:165,1
DA:167,1
BRDA:167,0,0,-
FN:179,OwnableRoles.renounceOwnership
FNDA:1,OwnableRoles.renounceOwnership
FN:191,OwnableRoles.proposeOwnershipHandover
FNDA:1,OwnableRoles.proposeOwnershipHandover
DA:194,1
DA:196,1
BRDA:196,1,0,-
FN:209,OwnableRoles.cancelOwnershipHandover
FNDA:0,OwnableRoles.cancelOwnershipHandover
FN:219,OwnableRoles.receiveOwnershipHandover
FNDA:1,OwnableRoles.receiveOwnershipHandover
DA:223,1
BRDA:223,2,0,-
FN:237,OwnableRoles.grantRoles
FNDA:2,OwnableRoles.grantRoles
DA:238,2
FN:243,OwnableRoles.revokeRoles
FNDA:0,OwnableRoles.revokeRoles
DA:244,0
FN:249,OwnableRoles.renounceRoles
FNDA:0,OwnableRoles.renounceRoles
DA:250,0
FN:258,OwnableRoles.owner
FNDA:4,OwnableRoles.owner
DA:260,4
FN:265,OwnableRoles.ownershipHandoverReceiver
FNDA:1,OwnableRoles.ownershipHandoverReceiver
DA:267,1
FN:272,OwnableRoles.hasAnyRole
FNDA:0,OwnableRoles.hasAnyRole
DA:278,0
FN:283,OwnableRoles.hasAllRoles
FNDA:0,OwnableRoles.hasAllRoles
DA:288,0
FN:293,OwnableRoles.rolesOf
FNDA:0,OwnableRoles.rolesOf
DA:298,0
FN:305,OwnableRoles.rolesFromOrdinals
FNDA:0,OwnableRoles.rolesFromOrdinals
FN:321,OwnableRoles.ordinalsFromRoles
FNDA:0,OwnableRoles.ordinalsFromRoles
DA:338,0
FNF:19
FNH:10
LF:18
LH:11
BRF:3
BRH:0
end_of_record
TN:
SF:src/utils/Base64.sol
FN:9,Base64.encode
FNDA:0,Base64.encode
DA:13,0
BRDA:13,0,0,-
DA:19,0
FNF:1
FNH:0
LF:2
LH:0
BRF:1
BRH:0
end_of_record
TN:
SF:src/utils/CREATE3.sol
FN:50,CREATE3.deploy
FNDA:0,CREATE3.deploy
DA:62,0
BRDA:62,0,0,-
DA:78,0
DA:81,0
BRDA:81,1,0,-
DA:99,0
BRDA:99,2,0,-
FN:108,CREATE3.getDeployed
FNDA:0,CREATE3.getDeployed
DA:132,0
FNF:2
FNH:0
LF:5
LH:0
BRF:3
BRH:0
end_of_record
TN:
SF:src/utils/ECDSA.sol
FN:9,ECDSA.recover
FNDA:0,ECDSA.recover
DA:11,0
BRDA:11,0,0,-
DA:19,0
BRDA:19,1,0,-
DA:36,0
FN:44,ECDSA.recover
FNDA:0,ECDSA.recover
DA:57,0
BRDA:57,2,0,-
DA:75,0
FN:82,ECDSA.toEthSignedMessageHash
FNDA:0,ECDSA.toEthSignedMessageHash
DA:88,0
FN:92,ECDSA.toEthSignedMessageHash
FNDA:0,ECDSA.toEthSignedMessageHash
DA:126,0
FNF:4
FNH:0
LF:7
LH:0
BRF:3
BRH:0
end_of_record
TN:
SF:src/utils/LibBitmap.sol
FN:12,LibBitmap.get
FNDA:0,LibBitmap.get
DA:16,0
DA:18,0
FN:22,LibBitmap.set
FNDA:0,LibBitmap.set
DA:23,0
FN:26,LibBitmap.unset
FNDA:0,LibBitmap.unset
DA:27,0
FN:30,LibBitmap.toggle
FNDA:0,LibBitmap.toggle
DA:39,0
DA:44,0
FN:49,LibBitmap.setTo
FNDA:0,LibBitmap.setTo
FNF:5
FNH:0
LF:6
LH:0
BRF:0
BRH:0
end_of_record
TN:
SF:src/utils/LibBytemap.sol
FN:11,LibBytemap.get
FNDA:0,LibBytemap.get
DA:15,0
FN:19,LibBytemap.set
FNDA:0,LibBytemap.set
FNF:2
FNH:0
LF:1
LH:0
BRF:0
BRH:0
end_of_record
TN:
SF:src/utils/LibRLP.sol
FN:9,LibRLP.computeAddress
FNDA:0,LibRLP.computeAddress
FNF:1
FNH:0
LF:0
LH:0
BRF:0
BRH:0
end_of_record
TN:
SF:src/utils/LibString.sol
FN:18,LibString.toString
FNDA:0,LibString.toString
DA:24,0
DA:47,0
FN:57,LibString.toHexString
FNDA:0,LibString.toHexString
DA:63,0
DA:87,0
BRDA:87,0,0,-
DA:97,0
DA:100,0
FN:105,LibString.toHexString
FNDA:0,LibString.toHexString
DA:111,0
DA:136,0
DA:139,0
FN:144,LibString.toHexString
FNDA:0,LibString.toHexString
DA:150,0
DA:172,0
DA:175,0
FN:184,LibString.replace
FNDA:0,LibString.replace
DA:194,0
DA:195,0
DA:196,0
DA:197,0
DA:200,0
BRDA:200,1,0,-
DA:203,0
BRDA:203,2,0,-
DA:204,0
DA:252,0
DA:264,0
FNF:5
FNH:0
LF:21
LH:0
BRF:3
BRH:0
end_of_record
TN:
SF:src/utils/MerkleProofLib.sol
FN:9,MerkleProofLib.verify
FNDA:0,MerkleProofLib.verify
DA:15,0
BRDA:15,0,0,-
DA:37,0
FN:41,MerkleProofLib.verifyMultiProof
FNDA:0,MerkleProofLib.verifyMultiProof
FNF:2
FNH:0
LF:2
LH:0
BRF:1
BRH:0
end_of_record
TN:
SF:src/utils/Multicallable.sol
FN:13,Multicallable.multicall
FNDA:9,Multicallable.multicall
DA:15,9
BRDA:15,0,0,8
DA:16,9
DA:18,9
DA:26,9
DA:56,9
FNF:1
FNH:1
LF:5
LH:5
BRF:1
BRH:1
end_of_record
TN:
SF:src/utils/SSTORE2.sol
FN:24,SSTORE2.write
FNDA:0,SSTORE2.write
DA:58,0
DA:61,0
BRDA:61,0,0,-
FN:77,SSTORE2.read
FNDA:0,SSTORE2.read
DA:80,0
BRDA:80,1,0,-
DA:93,0
FN:100,SSTORE2.read
FNDA:0,SSTORE2.read
DA:103,0
BRDA:103,2,0,-
DA:112,0
BRDA:112,3,0,-
DA:124,0
FN:131,SSTORE2.read
FNDA:0,SSTORE2.read
DA:138,0
BRDA:138,4,0,-
DA:147,0
BRDA:147,5,0,-
DA:164,0
FNF:4
FNH:0
LF:10
LH:0
BRF:6
BRH:0
end_of_record
TN:
SF:src/utils/SafeTransferLib.sol
FN:25,SafeTransferLib.safeTransferETH
FNDA:0,SafeTransferLib.safeTransferETH
DA:28,0
BRDA:28,0,0,-
FN:41,SafeTransferLib.safeTransferFrom
FNDA:0,SafeTransferLib.safeTransferFrom
DA:57,0
BRDA:57,1,0,-
FN:79,SafeTransferLib.safeTransfer
FNDA:0,SafeTransferLib.safeTransfer
DA:93,0
BRDA:93,2,0,-
FN:114,SafeTransferLib.safeApprove
FNDA:0,SafeTransferLib.safeApprove
DA:128,0
BRDA:128,3,0,-
FNF:4
FNH:0
LF:4
LH:0
BRF:4
BRH:0
end_of_record
TN:
SF:src/utils/SignatureCheckerLib.sol
FN:11,SignatureCheckerLib.isValidSignatureNow
FNDA:0,SignatureCheckerLib.isValidSignatureNow
DA:16,0
BRDA:16,0,0,-
BRDA:16,0,1,-
DA:18,0
BRDA:18,1,0,-
BRDA:18,1,1,-
DA:32,0
FNF:1
FNH:0
LF:3
LH:0
BRF:4
BRH:0
end_of_record
TN:
SF:src/utils/Sort.sol
FN:7,Sort.sort
FNDA:0,Sort.sort
FN:170,Sort.sort
FNDA:0,Sort.sort
DA:174,0
DA:176,0
DA:178,0
FNF:2
FNH:0
LF:3
LH:0
BRF:0
BRH:0
end_of_record
TN:
SF:test/utils/mocks/MockAuthChild.sol
FN:9,MockAuthChild.updateFlag
FNDA:0,MockAuthChild.updateFlag
DA:10,0
FNF:1
FNH:0
LF:1
LH:0
BRF:0
BRH:0
end_of_record
TN:
SF:test/utils/mocks/MockERC1271Malicious.sol
FN:5,MockERC1271Malicious.isValidSignature
FNDA:1,MockERC1271Malicious.isValidSignature
FNF:1
FNH:1
LF:0
LH:0
BRF:0
BRH:0
end_of_record
TN:
SF:test/utils/mocks/MockERC1271Wallet.sol
FN:13,MockERC1271Wallet.isValidSignature
FNDA:3,MockERC1271Wallet.isValidSignature
DA:14,3
FNF:1
FNH:1
LF:1
LH:1
BRF:0
BRH:0
end_of_record
TN:
SF:test/utils/mocks/MockERC20.sol
FN:13,MockERC20.mint
FNDA:14,MockERC20.mint
DA:14,14
FN:17,MockERC20.burn
FNDA:14,MockERC20.burn
DA:18,14
FNF:2
FNH:2
LF:2
LH:2
BRF:0
BRH:0
end_of_record
TN:
SF:test/utils/mocks/MockMulticallable.sol
FN:14,MockMulticallable.revertsWithString
FNDA:41,MockMulticallable.revertsWithString
DA:15,41
FN:18,MockMulticallable.revertsWithCustomError
FNDA:41,MockMulticallable.revertsWithCustomError
DA:19,41
FN:22,MockMulticallable.revertsWithNothing
FNDA:41,MockMulticallable.revertsWithNothing
DA:23,41
FN:26,MockMulticallable.returnsTuple
FNDA:41,MockMulticallable.returnsTuple
DA:27,41
FN:30,MockMulticallable.returnsString
FNDA:41,MockMulticallable.returnsString
DA:31,41
FN:36,MockMulticallable.pay
FNDA:41,MockMulticallable.pay
DA:37,41
FN:40,MockMulticallable.returnsSender
FNDA:41,MockMulticallable.returnsSender
DA:41,41
FN:44,MockMulticallable.multicallOriginal
FNDA:41,MockMulticallable.multicallOriginal
DA:46,41
DA:47,41
DA:48,41
DA:49,41
BRDA:49,0,0,41
BRDA:49,0,1,-
DA:51,41
BRDA:51,1,0,41
BRDA:51,1,1,-
DA:53,41
DA:55,41
DA:57,41
FNF:8
FNH:8
LF:15
LH:15
BRF:4
BRH:2
end_of_record
TN:
SF:test/utils/mocks/MockOwnableRoles.sol
FN:13,MockOwnableRoles.initializeOwnerDirect
FNDA:14,MockOwnableRoles.initializeOwnerDirect
DA:15,14
DA:17,14
FN:20,MockOwnableRoles.setOwnerDirect
FNDA:14,MockOwnableRoles.setOwnerDirect
DA:22,14
DA:24,14
FN:27,MockOwnableRoles.grantRoles
FNDA:14,MockOwnableRoles.grantRoles
DA:33,14
DA:35,14
FN:38,MockOwnableRoles.revokeRoles
FNDA:14,MockOwnableRoles.revokeRoles
DA:44,14
DA:46,14
FN:49,MockOwnableRoles.hasAnyRoleWithCheck
FNDA:14,MockOwnableRoles.hasAnyRoleWithCheck
DA:50,14
DA:51,14
DA:53,14
DA:55,14
BRDA:55,0,0,-
BRDA:55,0,1,14
FN:58,MockOwnableRoles.updateFlagWithOnlyOwner
FNDA:14,MockOwnableRoles.updateFlagWithOnlyOwner
DA:59,14
FN:62,MockOwnableRoles.updateFlagWithOnlyRoles
FNDA:14,MockOwnableRoles.updateFlagWithOnlyRoles
DA:63,14
FN:66,MockOwnableRoles.updateFlagWithOnlyOwnerOrRoles
FNDA:14,MockOwnableRoles.updateFlagWithOnlyOwnerOrRoles
DA:67,14
FNF:8
FNH:8
LF:15
LH:15
BRF:2
BRH:1
end_of_record
TN:
SF:test/utils/weird-tokens/MissingReturnToken.sol
FN:46,MissingReturnToken.approve
FNDA:10,MissingReturnToken.approve
DA:47,10
DA:49,10
FN:52,MissingReturnToken.transfer
FNDA:10,MissingReturnToken.transfer
DA:53,10
DA:58,10
DA:61,10
FN:64,MissingReturnToken.transferFrom
FNDA:10,MissingReturnToken.transferFrom
DA:69,10
DA:71,10
BRDA:71,0,0,-
BRDA:71,0,1,10
DA:73,10
DA:78,10
DA:81,10
FNF:3
FNH:3
LF:10
LH:10
BRF:2
BRH:1
end_of_record
TN:
SF:test/utils/weird-tokens/ReturnsFalseToken.sol
FN:46,ReturnsFalseToken.approve
FNDA:7,ReturnsFalseToken.approve
DA:47,7
FN:50,ReturnsFalseToken.transfer
FNDA:7,ReturnsFalseToken.transfer
DA:51,7
FN:54,ReturnsFalseToken.transferFrom
FNDA:7,ReturnsFalseToken.transferFrom
DA:59,7
FNF:3
FNH:3
LF:3
LH:3
BRF:0
BRH:0
end_of_record
TN:
SF:test/utils/weird-tokens/ReturnsGarbageToken.sol
FN:52,ReturnsGarbageToken.approve
FNDA:0,ReturnsGarbageToken.approve
DA:53,0
DA:55,0
DA:57,0
FN:64,ReturnsGarbageToken.transfer
FNDA:0,ReturnsGarbageToken.transfer
DA:65,0
DA:70,0
DA:73,0
DA:75,0
FN:82,ReturnsGarbageToken.transferFrom
FNDA:0,ReturnsGarbageToken.transferFrom
DA:87,0
DA:89,0
BRDA:89,0,0,-
BRDA:89,0,1,-
DA:91,0
DA:96,0
DA:99,0
DA:101,0
FN:112,ReturnsGarbageToken.setGarbage
FNDA:0,ReturnsGarbageToken.setGarbage
DA:113,0
FNF:4
FNH:0
LF:14
LH:0
BRF:2
BRH:0
end_of_record
TN:
SF:test/utils/weird-tokens/ReturnsTooLittleToken.sol
FN:46,ReturnsTooLittleToken.approve
FNDA:0,ReturnsTooLittleToken.approve
FN:53,ReturnsTooLittleToken.transfer
FNDA:0,ReturnsTooLittleToken.transfer
FN:60,ReturnsTooLittleToken.transferFrom
FNDA:0,ReturnsTooLittleToken.transferFrom
FNF:3
FNH:0
LF:0
LH:0
BRF:0
BRH:0
end_of_record
TN:
SF:test/utils/weird-tokens/ReturnsTooMuchToken.sol
FN:46,ReturnsTooMuchToken.approve
FNDA:10,ReturnsTooMuchToken.approve
DA:47,10
DA:49,10
FN:57,ReturnsTooMuchToken.transfer
FNDA:10,ReturnsTooMuchToken.transfer
DA:58,10
DA:63,10
DA:66,10
FN:74,ReturnsTooMuchToken.transferFrom
FNDA:10,ReturnsTooMuchToken.transferFrom
DA:79,10
DA:81,10
BRDA:81,0,0,-
BRDA:81,0,1,10
DA:83,10
DA:88,10
DA:91,10
FNF:3
FNH:3
LF:10
LH:10
BRF:2
BRH:1
end_of_record
TN:
SF:test/utils/weird-tokens/ReturnsTwoToken.sol
FN:46,ReturnsTwoToken.approve
FNDA:0,ReturnsTwoToken.approve
DA:47,0
FN:50,ReturnsTwoToken.transfer
FNDA:0,ReturnsTwoToken.transfer
DA:51,0
FN:54,ReturnsTwoToken.transferFrom
FNDA:0,ReturnsTwoToken.transferFrom
DA:59,0
FNF:3
FNH:0
LF:3
LH:0
BRF:0
BRH:0
end_of_record
TN:
SF:test/utils/weird-tokens/RevertingToken.sol
FN:46,RevertingToken.approve
FNDA:0,RevertingToken.approve
DA:47,0
FN:50,RevertingToken.transfer
FNDA:0,RevertingToken.transfer
DA:51,0
FN:54,RevertingToken.transferFrom
FNDA:0,RevertingToken.transferFrom
DA:59,0
FNF:3
FNH:0
LF:3
LH:0
BRF:0
BRH:0
end_of_record
